
Showing logs for build [32mmarthydavid-componentsoft-pytho-mktcz-2[0m stage [32mfrom-build-pack[0m and container [32mstep-credential-initializer-sl92g[0m
{"level":"warn","ts":1572977206.360541,"logger":"fallback-logger","caller":"logging/config.go:69","msg":"Fetch GitHub commit ID from kodata failed: \"ref: refs/heads/master\" is not a valid GitHub commit ID"}
{"level":"info","ts":1572977206.361957,"logger":"fallback-logger","caller":"creds-init/main.go:40","msg":"Credentials initialized."}

Showing logs for build [32mmarthydavid-componentsoft-pytho-mktcz-2[0m stage [32mfrom-build-pack[0m and container [32mstep-working-dir-initializer-r4dnz[0m
{"level":"warn","ts":1572977207.6156611,"logger":"fallback-logger","caller":"logging/config.go:69","msg":"Fetch GitHub commit ID from kodata failed: open /var/run/ko/HEAD: no such file or directory"}
{"level":"info","ts":1572977207.6170173,"logger":"fallback-logger","caller":"bash/main.go:65","msg":"Successfully executed command \"mkdir -p /workspace/source\""}

Showing logs for build [32mmarthydavid-componentsoft-pytho-mktcz-2[0m stage [32mfrom-build-pack[0m and container [32mstep-place-tools[0m

Showing logs for build [32mmarthydavid-componentsoft-pytho-mktcz-2[0m stage [32mfrom-build-pack[0m and container [32mstep-git-source-marthydavid-componentsoft-pytho-9pjvp[0m
{"level":"warn","ts":1572977213.6785,"logger":"fallback-logger","caller":"logging/config.go:69","msg":"Fetch GitHub commit ID from kodata failed: \"ref: refs/heads/master\" is not a valid GitHub commit ID"}
{"level":"info","ts":1572977215.2579844,"logger":"fallback-logger","caller":"git/git.go:102","msg":"Successfully cloned https://github.com/marthydavid/componentsoft-python-demo.git @ v0.0.2 in path /workspace/source"}

Showing logs for build [32mmarthydavid-componentsoft-pytho-mktcz-2[0m stage [32mfrom-build-pack[0m and container [32mstep-git-merge[0m
Using SHAs from PULL_REFS=master:b226bdf55a746dd36156a3499fe7685f135ff2a2
WARNING: no SHAs to merge, falling back to initial cloned commit

Showing logs for build [32mmarthydavid-componentsoft-pytho-mktcz-2[0m stage [32mfrom-build-pack[0m and container [32mstep-setup-jx-git-credentials[0m
Generated Git credentials file /workspace/xdg_config/git/credentials

Showing logs for build [32mmarthydavid-componentsoft-pytho-mktcz-2[0m stage [32mfrom-build-pack[0m and container [32mstep-build-python-unittest[0m

----------------------------------------------------------------------
Ran 0 tests in 0.000s

OK

Showing logs for build [32mmarthydavid-componentsoft-pytho-mktcz-2[0m stage [32mfrom-build-pack[0m and container [32mstep-build-container-build[0m
[36mINFO[0m[0000] Downloading base image python:onbuild        
2019/11/05 18:06:56 No matching credentials were found, falling back on anonymous
[36mINFO[0m[0001] Error while retrieving image from cache: getting file info: stat /workspace/sha256:43780a8431c53f4afd734ad795e03127c0c607337a60639c5903a51a03535c22: no such file or directory 
[36mINFO[0m[0001] Downloading base image python:onbuild        
2019/11/05 18:06:58 No matching credentials were found, falling back on anonymous
[36mINFO[0m[0003] Executing 3 build triggers                   
[36mINFO[0m[0003] Using files from context: [/workspace/source/requirements.txt] 
[36mINFO[0m[0003] Checking for cached layer docker-registry.**.jenkinsx.marthy.xyz/todo/cache:f96ea06eb1dc1e896fb6ba60e374488f43e9918d4fe1cb30c5f26c8dea340a73... 
2019/11/05 18:06:59 No matching credentials were found, falling back on anonymous
[36mINFO[0m[0003] Using caching version of cmd: RUN pip install --no-cache-dir -r requirements.txt 
[36mINFO[0m[0003] Using files from context: [/workspace/source] 
[36mINFO[0m[0003] Using files from context: [/workspace/source/requirements.txt] 
[36mINFO[0m[0003] cmd: EXPOSE                                  
[36mINFO[0m[0003] Adding exposed port: 8080/tcp                
[36mINFO[0m[0003] Skipping unpacking as no commands require it. 
[36mINFO[0m[0003] Taking snapshot of full filesystem...        
[36mINFO[0m[0003] Using files from context: [/workspace/source/requirements.txt] 
[36mINFO[0m[0003] COPY requirements.txt /usr/src/app/          
[36mINFO[0m[0003] Taking snapshot of files...                  
[36mINFO[0m[0003] RUN pip install --no-cache-dir -r requirements.txt 
[36mINFO[0m[0003] Found cached layer, extracting to filesystem 
[36mINFO[0m[0003] Taking snapshot of files...                  
[36mINFO[0m[0003] Using files from context: [/workspace/source] 
[36mINFO[0m[0003] COPY . /usr/src/app                          
[36mINFO[0m[0003] Taking snapshot of files...                  
[36mINFO[0m[0003] Using files from context: [/workspace/source/requirements.txt] 
[36mINFO[0m[0003] COPY requirements.txt .                      
[36mINFO[0m[0003] Taking snapshot of files...                  
[36mINFO[0m[0003] ENV PORT 8080                                
[36mINFO[0m[0003] No files changed in this command, skipping snapshotting. 
[36mINFO[0m[0003] EXPOSE 8080                                  
[36mINFO[0m[0003] cmd: EXPOSE                                  
[36mINFO[0m[0003] Adding exposed port: 8080/tcp                
[36mINFO[0m[0003] No files changed in this command, skipping snapshotting. 
[36mINFO[0m[0003] ENTRYPOINT ["python"]                        
[36mINFO[0m[0003] No files changed in this command, skipping snapshotting. 
[36mINFO[0m[0003] CMD ["app.py"]                               
[36mINFO[0m[0003] No files changed in this command, skipping snapshotting. 
2019/11/05 18:07:00 existing blob: sha256:490280dbcfb772eb5731f059e38fcfacaeb75b4d005af7c249fd51926db2bd62
2019/11/05 18:07:00 existing blob: sha256:06854774e2f35e4763103a446112c67322913a6177bea69eb49663e0166e6d6d
2019/11/05 18:07:00 existing blob: sha256:ece825d3308bbf98f708d95475ccd880497a1e2979ff4ef2534d49049a18488f
2019/11/05 18:07:00 existing blob: sha256:e96bc319bce0351d1157092352bc5f85f8800c745388e60e86d06dec99285b45
2019/11/05 18:07:00 existing blob: sha256:1c7fe136a31e13a1c879245672184ced3b9fc590989ba42a522a57b071a9c1aa
2019/11/05 18:07:00 existing blob: sha256:f0db43b9b8da254cebc77bf871006df01219e195b9853616b9f708f124a00f3a
2019/11/05 18:07:00 existing blob: sha256:2d21c767035c4593de8bf7ad9781aa83ba110871d1a50871192f4e3480e6f11d
2019/11/05 18:07:00 existing blob: sha256:e2c0fb34dff3a1d32346b92e53fb88a14d1987b402a2348cb379c039687fabe2
2019/11/05 18:07:00 existing blob: sha256:e10b68fb77e6e91453cd4c1b02e2d77aa23a857cd8eb250617129d074478e1a5
2019/11/05 18:07:00 pushed blob: sha256:3df0a1b717e827893077cf445863143564b35ae9d366fd60d766f9157cd14765
2019/11/05 18:07:00 pushed blob: sha256:bd530f54e8f5c840feffa5072633ce0490989f9e7ea92c8a714257f163e6f962
2019/11/05 18:07:00 pushed blob: sha256:4b42385da18381a0ae132ec095ecc3923c045d810db3c3fde24157df5a7e4994
2019/11/05 18:07:00 pushed blob: sha256:ce7189c13a4d80af8a053ef71525b3fbc612411f3a902e0592c2da3deef64628
2019/11/05 18:07:00 pushed blob: sha256:def5d1ae58c176a1372d82d55fb92e3ba757c7d070d13955bb3219297309daa1
2019/11/05 18:07:00 docker-registry.**.jenkinsx.marthy.xyz/marthydavid/componentsoft-python-demo:0.0.2: digest: sha256:fa75908d9cf5b262ba7555dbb4806626c4325e54244e12ad3dbb1e181a84c3bd size: 2385

Showing logs for build [32mmarthydavid-componentsoft-pytho-mktcz-2[0m stage [32mfrom-build-pack[0m and container [32mstep-build-post-build[0m
no CVE provider running in the current ** namespace so skip adding image to be analysed

Showing logs for build [32mmarthydavid-componentsoft-pytho-mktcz-2[0m stage [32mfrom-build-pack[0m and container [32mstep-promote-changelog[0m
Converted /workspace/source/charts/componentsoft-python-demo to an unshallow repository
Generating change log from git ref f8eca4bb702cc2b25621b05b15cad4481eec2d4e => d60c02c2e56a340c7ce855398e9d44a760cc07de
WARNING: No release found for marthydavid/componentsoft-python-demo and tag v0.0.2 so creating a new release
WARNING: Failed to update the release at https://github.com/marthydavid/componentsoft-python-demo/releases/tag/v0.0.2: POST https://api.github.com/repos/marthydavid/componentsoft-python-demo/releases: 500  []

Showing logs for build [32mmarthydavid-componentsoft-pytho-mktcz-2[0m stage [32mfrom-build-pack[0m and container [32mstep-promote-helm-release[0m
WARNING: No $CHART_REPOSITORY defined so using the default value of: http://jenkins-x-chartmuseum:8080
Adding missing Helm repo: storage.googleapis.com https://storage.googleapis.com/chartmuseum.jenkins-x.io
Successfully added Helm repository storage.googleapis.com.
Adding missing Helm repo: jenkins-x-chartmuseum http://jenkins-x-chartmuseum:8080
Successfully added Helm repository jenkins-x-chartmuseum.
WARNING: No $CHART_REPOSITORY defined so using the default value of: http://jenkins-x-chartmuseum:8080
Uploading chart file componentsoft-python-demo-0.0.2.tgz to http://jenkins-x-chartmuseum:8080/api/charts
Received 201 response: {"saved":true}

Showing logs for build [32mmarthydavid-componentsoft-pytho-mktcz-2[0m stage [32mfrom-build-pack[0m and container [32mstep-promote-jx-promote[0m
WARNING: prow based install so skip waiting for the merge of Pull Requests to go green as currently there is an issue with gettingstatuses from the PR, see https://github.com/jenkins-x/**/issues/2410
Promoting app componentsoft-python-demo version 0.0.2 to namespace **-staging
WARNING: Waiting for the fork of *************/environment-shriekquark-staging to appear...
error: pulling environment repo https://github.com/marthydavid/environment-shriekquark-staging.git into /builder/home/.**/environments: failed to fork GitHub repo marthydavid/environment-shriekquark-staging to user *************: gave up waiting for Repository *************/environment-shriekquark-staging to appear: GET https://api.github.com/repos/*************/environment-shriekquark-staging: 404 Not Found []
[31m
Pipeline failed on stage 'from-build-pack' : container 'step-promote-jx-promote'. The execution of the pipeline has stopped.[0m
